[ 2023-05-14 19:11:55,868] 113 werkzeug - WARNING -  * Debugger is active!
[ 2023-05-14 19:11:55,878] 113 werkzeug - INFO -  * Debugger PIN: 807-301-817
[ 2023-05-14 19:11:55,898] 113 werkzeug - WARNING -  * Debugger is active!
[ 2023-05-14 19:11:55,908] 113 werkzeug - INFO -  * Debugger PIN: 807-301-817
[ 2023-05-14 19:11:55,926] 113 werkzeug - WARNING -  * Debugger is active!
[ 2023-05-14 19:11:55,936] 113 werkzeug - INFO -  * Debugger PIN: 807-301-817
[ 2023-05-14 19:11:55,942] 113 werkzeug - INFO -  * Running on http://0.0.0.0:5000/ (Press CTRL+C to quit)
[ 2023-05-14 19:11:55,973] 113 werkzeug - INFO -  * Running on http://0.0.0.0:5000/ (Press CTRL+C to quit)
[ 2023-05-14 19:11:55,997] 113 werkzeug - INFO -  * Running on http://0.0.0.0:5000/ (Press CTRL+C to quit)
[ 2023-05-14 19:13:18,728] 113 werkzeug - INFO -  * Detected change in 'E:\\mlproject\\src\\utils.py', reloading
[ 2023-05-14 19:13:18,728] 113 werkzeug - INFO -  * Detected change in 'E:\\mlproject\\src\\utils.py', reloading
[ 2023-05-14 19:13:18,731] 113 werkzeug - INFO -  * Detected change in 'e:\\mlproject\\src\\utils.py', reloading
[ 2023-05-14 19:13:18,731] 113 werkzeug - INFO -  * Detected change in 'E:\\mlproject\\src\\utils.py', reloading
[ 2023-05-14 19:13:18,732] 113 werkzeug - INFO -  * Detected change in 'e:\\mlproject\\src\\utils.py', reloading
[ 2023-05-14 19:13:18,732] 113 werkzeug - INFO -  * Detected change in 'e:\\mlproject\\src\\utils.py', reloading
[ 2023-05-14 19:13:18,732] 113 werkzeug - INFO -  * Detected change in 'E:\\mlproject\\src\\utils.py', reloading
[ 2023-05-14 19:13:18,733] 113 werkzeug - INFO -  * Detected change in 'e:\\mlproject\\src\\utils.py', reloading
[ 2023-05-14 19:13:18,733] 113 werkzeug - INFO -  * Detected change in 'E:\\mlproject\\src\\utils.py', reloading
[ 2023-05-14 19:13:18,733] 113 werkzeug - INFO -  * Detected change in 'E:\\mlproject\\src\\utils.py', reloading
[ 2023-05-14 19:13:18,733] 113 werkzeug - INFO -  * Detected change in 'e:\\mlproject\\src\\utils.py', reloading
[ 2023-05-14 19:13:18,733] 113 werkzeug - INFO -  * Detected change in 'e:\\mlproject\\src\\utils.py', reloading
[ 2023-05-14 19:13:18,733] 113 werkzeug - INFO -  * Detected change in 'e:\\mlproject\\src\\utils.py', reloading
[ 2023-05-14 19:13:18,733] 113 werkzeug - INFO -  * Detected change in 'E:\\mlproject\\src\\utils.py', reloading
[ 2023-05-14 19:13:18,733] 113 werkzeug - INFO -  * Detected change in 'E:\\mlproject\\src\\utils.py', reloading
[ 2023-05-14 19:13:18,734] 113 werkzeug - INFO -  * Detected change in 'e:\\mlproject\\src\\utils.py', reloading
[ 2023-05-14 19:13:18,734] 113 werkzeug - INFO -  * Detected change in 'e:\\mlproject\\src\\utils.py', reloading
[ 2023-05-14 19:13:18,734] 113 werkzeug - INFO -  * Detected change in 'E:\\mlproject\\src\\utils.py', reloading
[ 2023-05-14 19:13:18,734] 113 werkzeug - INFO -  * Detected change in 'e:\\mlproject\\src\\utils.py', reloading
[ 2023-05-14 19:13:18,734] 113 werkzeug - INFO -  * Detected change in 'E:\\mlproject\\src\\utils.py', reloading
[ 2023-05-14 19:13:18,734] 113 werkzeug - INFO -  * Detected change in 'E:\\mlproject\\src\\utils.py', reloading
